<?xml version="1.0" encoding="utf-8"?><testsuites name="pytest tests"><testsuite name="pytest" errors="0" failures="0" skipped="0" tests="39" time="10.127" timestamp="2026-05-15T00:38:18.132627+00:00" hostname="agent-env-269bafe3-796d-4a03-8ac8-8039b3ca2223"><testcase classname="backend.tests.test_gymnite" name="test_root_health" time="0.186" /><testcase classname="backend.tests.test_gymnite" name="test_register_sets_cookies" time="1.333" /><testcase classname="backend.tests.test_gymnite" name="test_me_returns_current_user" time="0.050" /><testcase classname="backend.tests.test_gymnite" name="test_login_bad_credentials_returns_401" time="0.333" /><testcase classname="backend.tests.test_gymnite" name="test_logout_clears_cookies" time="0.532" /><testcase classname="backend.tests.test_gymnite" name="test_register_duplicate_email_rejected" time="0.143" /><testcase classname="backend.tests.test_gymnite" name="test_receipt_upload_rejects_non_jpg" time="0.060" /><testcase classname="backend.tests.test_gymnite" name="test_receipt_upload_jpg_sets_pending" time="0.049" /><testcase classname="backend.tests.test_gymnite" name="test_receipt_upload_requires_auth" time="0.111" /><testcase classname="backend.tests.test_gymnite" name="test_admin_users_forbidden_for_normal_user" time="0.053" /><testcase classname="backend.tests.test_gymnite" name="test_admin_users_unauthenticated_401" time="0.125" /><testcase classname="backend.tests.test_gymnite" name="test_admin_users_list_has_iter2_fields" time="0.401" /><testcase classname="backend.tests.test_gymnite" name="test_admin_get_receipt_returns_image" time="0.050" /><testcase classname="backend.tests.test_gymnite" name="test_admin_approve_requires_body" time="0.048" /><testcase classname="backend.tests.test_gymnite" name="test_admin_approve_rejects_invalid_plan_months" time="0.048" /><testcase classname="backend.tests.test_gymnite" name="test_admin_approve_valid_plan_sets_subscribed_and_dates" time="0.095" /><testcase classname="backend.tests.test_gymnite" name="test_admin_approve_accepts_all_valid_values[1]" time="0.049" /><testcase classname="backend.tests.test_gymnite" name="test_admin_approve_accepts_all_valid_values[3]" time="0.055" /><testcase classname="backend.tests.test_gymnite" name="test_admin_approve_accepts_all_valid_values[12]" time="0.048" /><testcase classname="backend.tests.test_gymnite" name="test_admin_reject_clears_plan_fields" time="0.100" /><testcase classname="backend.tests.test_gymnite" name="test_admin_approve_forbidden_for_user" time="0.055" /><testcase classname="backend.tests.test_gymnite" name="test_create_manual_user_with_email_and_jpg" time="0.109" /><testcase classname="backend.tests.test_gymnite" name="test_create_manual_user_without_file_is_no_subscribed" time="0.048" /><testcase classname="backend.tests.test_gymnite" name="test_create_two_manual_users_without_email_allowed" time="0.101" /><testcase classname="backend.tests.test_gymnite" name="test_create_manual_user_duplicate_email_rejected" time="0.061" /><testcase classname="backend.tests.test_gymnite" name="test_create_manual_user_rejects_non_jpg" time="0.050" /><testcase classname="backend.tests.test_gymnite" name="test_create_manual_user_rejects_oversize_file" time="0.338" /><testcase classname="backend.tests.test_gymnite" name="test_create_manual_user_requires_admin" time="0.050" /><testcase classname="backend.tests.test_gymnite" name="test_create_manual_user_unauthenticated_401" time="0.106" /><testcase classname="backend.tests.test_gymnite" name="test_admin_stats" time="0.051" /><testcase classname="backend.tests.test_gymnite" name="test_receipt_upload_with_plan_months_persists_requested" time="0.440" /><testcase classname="backend.tests.test_gymnite" name="test_receipt_upload_accepts_all_valid_plan_months[1]" time="0.468" /><testcase classname="backend.tests.test_gymnite" name="test_receipt_upload_accepts_all_valid_plan_months[3]" time="0.410" /><testcase classname="backend.tests.test_gymnite" name="test_receipt_upload_accepts_all_valid_plan_months[6]" time="1.371" /><testcase classname="backend.tests.test_gymnite" name="test_receipt_upload_accepts_all_valid_plan_months[12]" time="0.380" /><testcase classname="backend.tests.test_gymnite" name="test_receipt_upload_rejects_invalid_plan_months" time="0.401" /><testcase classname="backend.tests.test_gymnite" name="test_receipt_upload_without_plan_months_still_works" time="0.401" /><testcase classname="backend.tests.test_gymnite" name="test_admin_users_list_includes_requested_plan_months" time="0.464" /><testcase classname="backend.tests.test_gymnite" name="test_reject_clears_requested_plan_months" time="0.872" /></testsuite></testsuites>