<?xml version="1.0" encoding="utf-8"?><testsuites name="pytest tests"><testsuite name="pytest" errors="0" failures="1" skipped="0" tests="18" time="3.679" timestamp="2026-05-14T23:48:07.578219+00:00" hostname="agent-env-269bafe3-796d-4a03-8ac8-8039b3ca2223"><testcase classname="backend.tests.test_gymnite" name="test_root_health" time="0.136" /><testcase classname="backend.tests.test_gymnite" name="test_register_sets_cookies_and_defaults" time="0.362" /><testcase classname="backend.tests.test_gymnite" name="test_me_returns_current_user" time="0.063" /><testcase classname="backend.tests.test_gymnite" name="test_login_bad_credentials_returns_401" time="0.428" /><testcase classname="backend.tests.test_gymnite" name="test_login_valid_and_me" time="0.431" /><testcase classname="backend.tests.test_gymnite" name="test_logout_clears_cookies" time="0.510" /><testcase classname="backend.tests.test_gymnite" name="test_register_duplicate_email_rejected" time="0.125" /><testcase classname="backend.tests.test_gymnite" name="test_receipt_upload_rejects_non_jpg" time="0.073" /><testcase classname="backend.tests.test_gymnite" name="test_receipt_upload_jpg_sets_pending" time="0.122" /><testcase classname="backend.tests.test_gymnite" name="test_receipt_upload_requires_auth" time="0.111" /><testcase classname="backend.tests.test_gymnite" name="test_admin_users_forbidden_for_normal_user" time="0.059" /><testcase classname="backend.tests.test_gymnite" name="test_admin_users_list" time="0.397"><failure message="AssertionError: BUG: /api/admin/users returns has_receipt=False even though receipt was uploaded. Root cause: list_users() projection excludes 'receipt_image', so serialize_user evaluates bool(None) -&gt; False for every user.&#10;assert False is True">E   AssertionError: BUG: /api/admin/users returns has_receipt=False even though receipt was uploaded. Root cause: list_users() projection excludes 'receipt_image', so serialize_user evaluates bool(None) -&gt; False for every user.
    assert False is True</failure></testcase><testcase classname="backend.tests.test_gymnite" name="test_admin_get_receipt_returns_image" time="0.049" /><testcase classname="backend.tests.test_gymnite" name="test_admin_get_receipt_404_when_missing" time="0.385" /><testcase classname="backend.tests.test_gymnite" name="test_admin_approve_sets_subscribed" time="0.122" /><testcase classname="backend.tests.test_gymnite" name="test_admin_reject_resets_status" time="0.118" /><testcase classname="backend.tests.test_gymnite" name="test_admin_approve_forbidden_for_user" time="0.061" /><testcase classname="backend.tests.test_gymnite" name="test_admin_stats" time="0.052" /></testsuite></testsuites>